{"/Users/cornerstone/Documents/Work/lendsqr/src/assets/icons/lendsqr-logo.svg": {"path":"/Users/cornerstone/Documents/Work/lendsqr/src/assets/icons/lendsqr-logo.svg","statementMap":{},"fnMap":{},"branchMap":{},"s":{},"f":{},"b":{},"meta":{"lastBranch":0,"lastFunction":0,"lastStatement":0,"seen":{}}}
,"/Users/cornerstone/Documents/Work/lendsqr/src/assets/images/login-illustration.png": {"path":"/Users/cornerstone/Documents/Work/lendsqr/src/assets/images/login-illustration.png","statementMap":{},"fnMap":{},"branchMap":{},"s":{},"f":{},"b":{},"meta":{"lastBranch":0,"lastFunction":0,"lastStatement":0,"seen":{}}}
,"/Users/cornerstone/Documents/Work/lendsqr/src/components/common/FilterDropdown/filter-dropdown.scss": {"path":"/Users/cornerstone/Documents/Work/lendsqr/src/components/common/FilterDropdown/filter-dropdown.scss","statementMap":{},"fnMap":{},"branchMap":{},"s":{},"f":{},"b":{},"meta":{"lastBranch":0,"lastFunction":0,"lastStatement":0,"seen":{}}}
,"/Users/cornerstone/Documents/Work/lendsqr/src/components/common/FilterDropdown/filter-dropdown.tsx": {"path":"/Users/cornerstone/Documents/Work/lendsqr/src/components/common/FilterDropdown/filter-dropdown.tsx","statementMap":{"0":{"start":{"line":12,"column":54},"end":{"line":168,"column":null}},"1":{"start":{"line":18,"column":28},"end":{"line":25,"column":null}},"2":{"start":{"line":27,"column":23},"end":{"line":29,"column":null}},"3":{"start":{"line":28,"column":4},"end":{"line":28,"column":null}},"4":{"start":{"line":28,"column":26},"end":{"line":28,"column":54}},"5":{"start":{"line":31,"column":23},"end":{"line":34,"column":null}},"6":{"start":{"line":32,"column":4},"end":{"line":32,"column":null}},"7":{"start":{"line":33,"column":4},"end":{"line":33,"column":null}},"8":{"start":{"line":36,"column":22},"end":{"line":46,"column":null}},"9":{"start":{"line":37,"column":4},"end":{"line":44,"column":null}},"10":{"start":{"line":45,"column":4},"end":{"line":45,"column":null}},"11":{"start":{"line":48,"column":2},"end":{"line":166,"column":null}},"12":{"start":{"line":61,"column":31},"end":{"line":61,"column":null}},"13":{"start":{"line":65,"column":16},"end":{"line":67,"column":null}},"14":{"start":{"line":82,"column":31},"end":{"line":82,"column":null}},"15":{"start":{"line":96,"column":31},"end":{"line":96,"column":null}},"16":{"start":{"line":110,"column":33},"end":{"line":110,"column":null}},"17":{"start":{"line":125,"column":31},"end":{"line":125,"column":null}},"18":{"start":{"line":138,"column":16},"end":{"line":138,"column":null}}},"fnMap":{"0":{"name":"(anonymous_0)","decl":{"start":{"line":12,"column":54},"end":{"line":12,"column":55}},"loc":{"start":{"line":17,"column":6},"end":{"line":168,"column":null}},"line":17},"1":{"name":"(anonymous_1)","decl":{"start":{"line":27,"column":23},"end":{"line":27,"column":24}},"loc":{"start":{"line":27,"column":68},"end":{"line":29,"column":null}},"line":27},"2":{"name":"(anonymous_2)","decl":{"start":{"line":28,"column":15},"end":{"line":28,"column":16}},"loc":{"start":{"line":28,"column":26},"end":{"line":28,"column":54}},"line":28},"3":{"name":"(anonymous_3)","decl":{"start":{"line":31,"column":23},"end":{"line":31,"column":24}},"loc":{"start":{"line":31,"column":47},"end":{"line":34,"column":null}},"line":31},"4":{"name":"(anonymous_4)","decl":{"start":{"line":36,"column":22},"end":{"line":36,"column":28}},"loc":{"start":{"line":36,"column":28},"end":{"line":46,"column":null}},"line":36},"5":{"name":"(anonymous_5)","decl":{"start":{"line":61,"column":24},"end":{"line":61,"column":25}},"loc":{"start":{"line":61,"column":31},"end":{"line":61,"column":null}},"line":61},"6":{"name":"(anonymous_6)","decl":{"start":{"line":64,"column":33},"end":{"line":64,"column":34}},"loc":{"start":{"line":65,"column":16},"end":{"line":67,"column":null}},"line":65},"7":{"name":"(anonymous_7)","decl":{"start":{"line":82,"column":24},"end":{"line":82,"column":25}},"loc":{"start":{"line":82,"column":31},"end":{"line":82,"column":null}},"line":82},"8":{"name":"(anonymous_8)","decl":{"start":{"line":96,"column":24},"end":{"line":96,"column":25}},"loc":{"start":{"line":96,"column":31},"end":{"line":96,"column":null}},"line":96},"9":{"name":"(anonymous_9)","decl":{"start":{"line":110,"column":26},"end":{"line":110,"column":27}},"loc":{"start":{"line":110,"column":33},"end":{"line":110,"column":null}},"line":110},"10":{"name":"(anonymous_10)","decl":{"start":{"line":125,"column":24},"end":{"line":125,"column":25}},"loc":{"start":{"line":125,"column":31},"end":{"line":125,"column":null}},"line":125},"11":{"name":"(anonymous_11)","decl":{"start":{"line":137,"column":24},"end":{"line":137,"column":25}},"loc":{"start":{"line":138,"column":16},"end":{"line":138,"column":null}},"line":138}},"branchMap":{},"s":{"0":2,"1":9,"2":9,"3":3,"4":3,"5":9,"6":1,"7":1,"8":9,"9":1,"10":1,"11":9,"12":0,"13":18,"14":3,"15":0,"16":0,"17":0,"18":0},"f":{"0":9,"1":3,"2":3,"3":1,"4":1,"5":0,"6":18,"7":3,"8":0,"9":0,"10":0,"11":0},"b":{},"meta":{"lastBranch":0,"lastFunction":12,"lastStatement":19,"seen":{"s:12:54:168:Infinity":0,"f:12:54:12:55":0,"s:18:28:25:Infinity":1,"s:27:23:29:Infinity":2,"f:27:23:27:24":1,"s:28:4:28:Infinity":3,"f:28:15:28:16":2,"s:28:26:28:54":4,"s:31:23:34:Infinity":5,"f:31:23:31:24":3,"s:32:4:32:Infinity":6,"s:33:4:33:Infinity":7,"s:36:22:46:Infinity":8,"f:36:22:36:28":4,"s:37:4:44:Infinity":9,"s:45:4:45:Infinity":10,"s:48:2:166:Infinity":11,"f:61:24:61:25":5,"s:61:31:61:Infinity":12,"f:64:33:64:34":6,"s:65:16:67:Infinity":13,"f:82:24:82:25":7,"s:82:31:82:Infinity":14,"f:96:24:96:25":8,"s:96:31:96:Infinity":15,"f:110:26:110:27":9,"s:110:33:110:Infinity":16,"f:125:24:125:25":10,"s:125:31:125:Infinity":17,"f:137:24:137:25":11,"s:138:16:138:Infinity":18}}}
,"/Users/cornerstone/Documents/Work/lendsqr/src/components/users/UsersTable/users-table.scss": {"path":"/Users/cornerstone/Documents/Work/lendsqr/src/components/users/UsersTable/users-table.scss","statementMap":{},"fnMap":{},"branchMap":{},"s":{},"f":{},"b":{},"meta":{"lastBranch":0,"lastFunction":0,"lastStatement":0,"seen":{}}}
,"/Users/cornerstone/Documents/Work/lendsqr/src/components/users/UsersTable/users-table.tsx": {"path":"/Users/cornerstone/Documents/Work/lendsqr/src/components/users/UsersTable/users-table.tsx","statementMap":{"0":{"start":{"line":26,"column":31},"end":{"line":26,"column":null}},"1":{"start":{"line":28,"column":53},"end":{"line":332,"column":null}},"2":{"start":{"line":35,"column":8},"end":{"line":35,"column":null}},"3":{"start":{"line":36,"column":36},"end":{"line":36,"column":null}},"4":{"start":{"line":37,"column":38},"end":{"line":37,"column":null}},"5":{"start":{"line":38,"column":42},"end":{"line":38,"column":null}},"6":{"start":{"line":39,"column":34},"end":{"line":39,"column":null}},"7":{"start":{"line":41,"column":2},"end":{"line":48,"column":null}},"8":{"start":{"line":42,"column":31},"end":{"line":44,"column":null}},"9":{"start":{"line":43,"column":6},"end":{"line":43,"column":null}},"10":{"start":{"line":46,"column":4},"end":{"line":46,"column":null}},"11":{"start":{"line":47,"column":4},"end":{"line":47,"column":null}},"12":{"start":{"line":47,"column":17},"end":{"line":47,"column":null}},"13":{"start":{"line":50,"column":23},"end":{"line":54,"column":null}},"14":{"start":{"line":51,"column":4},"end":{"line":51,"column":null}},"15":{"start":{"line":52,"column":4},"end":{"line":52,"column":null}},"16":{"start":{"line":53,"column":4},"end":{"line":53,"column":null}},"17":{"start":{"line":56,"column":22},"end":{"line":60,"column":null}},"18":{"start":{"line":57,"column":4},"end":{"line":57,"column":null}},"19":{"start":{"line":58,"column":4},"end":{"line":58,"column":null}},"20":{"start":{"line":59,"column":4},"end":{"line":59,"column":null}},"21":{"start":{"line":62,"column":28},"end":{"line":65,"column":null}},"22":{"start":{"line":63,"column":4},"end":{"line":63,"column":null}},"23":{"start":{"line":64,"column":4},"end":{"line":64,"column":null}},"24":{"start":{"line":67,"column":29},"end":{"line":84,"column":null}},"25":{"start":{"line":72,"column":4},"end":{"line":72,"column":null}},"26":{"start":{"line":73,"column":4},"end":{"line":73,"column":null}},"27":{"start":{"line":75,"column":4},"end":{"line":83,"column":null}},"28":{"start":{"line":76,"column":6},"end":{"line":76,"column":null}},"29":{"start":{"line":77,"column":6},"end":{"line":79,"column":null}},"30":{"start":{"line":78,"column":8},"end":{"line":78,"column":null}},"31":{"start":{"line":81,"column":6},"end":{"line":81,"column":null}},"32":{"start":{"line":82,"column":6},"end":{"line":82,"column":null}},"33":{"start":{"line":87,"column":21},"end":{"line":87,"column":null}},"34":{"start":{"line":88,"column":8},"end":{"line":88,"column":null}},"35":{"start":{"line":89,"column":25},"end":{"line":89,"column":null}},"36":{"start":{"line":91,"column":25},"end":{"line":108,"column":null}},"37":{"start":{"line":92,"column":39},"end":{"line":92,"column":null}},"38":{"start":{"line":93,"column":4},"end":{"line":106,"column":null}},"39":{"start":{"line":94,"column":6},"end":{"line":94,"column":null}},"40":{"start":{"line":94,"column":19},"end":{"line":94,"column":22}},"41":{"start":{"line":94,"column":44},"end":{"line":94,"column":null}},"42":{"start":{"line":96,"column":6},"end":{"line":96,"column":null}},"43":{"start":{"line":97,"column":6},"end":{"line":97,"column":null}},"44":{"start":{"line":97,"column":27},"end":{"line":97,"column":null}},"45":{"start":{"line":99,"column":20},"end":{"line":99,"column":null}},"46":{"start":{"line":100,"column":18},"end":{"line":100,"column":null}},"47":{"start":{"line":102,"column":6},"end":{"line":102,"column":null}},"48":{"start":{"line":102,"column":19},"end":{"line":102,"column":26}},"49":{"start":{"line":102,"column":41},"end":{"line":102,"column":null}},"50":{"start":{"line":104,"column":6},"end":{"line":104,"column":null}},"51":{"start":{"line":104,"column":40},"end":{"line":104,"column":null}},"52":{"start":{"line":105,"column":6},"end":{"line":105,"column":null}},"53":{"start":{"line":107,"column":4},"end":{"line":107,"column":null}},"54":{"start":{"line":110,"column":28},"end":{"line":113,"column":null}},"55":{"start":{"line":111,"column":4},"end":{"line":111,"column":null}},"56":{"start":{"line":112,"column":4},"end":{"line":112,"column":null}},"57":{"start":{"line":115,"column":2},"end":{"line":121,"column":null}},"58":{"start":{"line":116,"column":4},"end":{"line":119,"column":null}},"59":{"start":{"line":123,"column":2},"end":{"line":330,"column":null}},"60":{"start":{"line":194,"column":14},"end":{"line":257,"column":null}},"61":{"start":{"line":213,"column":22},"end":{"line":213,"column":null}},"62":{"start":{"line":214,"column":22},"end":{"line":216,"column":null}},"63":{"start":{"line":227,"column":39},"end":{"line":227,"column":null}},"64":{"start":{"line":235,"column":26},"end":{"line":239,"column":null}},"65":{"start":{"line":248,"column":26},"end":{"line":248,"column":null}},"66":{"start":{"line":270,"column":14},"end":{"line":270,"column":null}},"67":{"start":{"line":271,"column":14},"end":{"line":271,"column":null}},"68":{"start":{"line":276,"column":14},"end":{"line":278,"column":null}},"69":{"start":{"line":287,"column":27},"end":{"line":287,"column":null}},"70":{"start":{"line":287,"column":52},"end":{"line":287,"column":73}},"71":{"start":{"line":295,"column":12},"end":{"line":306,"column":null}},"72":{"start":{"line":302,"column":29},"end":{"line":302,"column":null}},"73":{"start":{"line":312,"column":14},"end":{"line":312,"column":null}},"74":{"start":{"line":312,"column":39},"end":{"line":312,"column":69}},"75":{"start":{"line":326,"column":25},"end":{"line":326,"column":null}},"76":{"start":{"line":327,"column":54},"end":{"line":327,"column":68}}},"fnMap":{"0":{"name":"(anonymous_0)","decl":{"start":{"line":28,"column":53},"end":{"line":28,"column":54}},"loc":{"start":{"line":34,"column":6},"end":{"line":332,"column":null}},"line":34},"1":{"name":"(anonymous_1)","decl":{"start":{"line":41,"column":12},"end":{"line":41,"column":18}},"loc":{"start":{"line":41,"column":18},"end":{"line":48,"column":5}},"line":41},"2":{"name":"(anonymous_2)","decl":{"start":{"line":42,"column":31},"end":{"line":42,"column":37}},"loc":{"start":{"line":42,"column":37},"end":{"line":44,"column":null}},"line":42},"3":{"name":"(anonymous_3)","decl":{"start":{"line":47,"column":11},"end":{"line":47,"column":17}},"loc":{"start":{"line":47,"column":17},"end":{"line":47,"column":null}},"line":47},"4":{"name":"(anonymous_4)","decl":{"start":{"line":50,"column":23},"end":{"line":50,"column":24}},"loc":{"start":{"line":50,"column":49},"end":{"line":54,"column":null}},"line":50},"5":{"name":"(anonymous_5)","decl":{"start":{"line":56,"column":22},"end":{"line":56,"column":28}},"loc":{"start":{"line":56,"column":28},"end":{"line":60,"column":null}},"line":56},"6":{"name":"(anonymous_6)","decl":{"start":{"line":62,"column":28},"end":{"line":62,"column":29}},"loc":{"start":{"line":62,"column":48},"end":{"line":65,"column":null}},"line":62},"7":{"name":"(anonymous_7)","decl":{"start":{"line":67,"column":29},"end":{"line":67,"column":null}},"loc":{"start":{"line":71,"column":7},"end":{"line":84,"column":null}},"line":71},"8":{"name":"(anonymous_8)","decl":{"start":{"line":77,"column":17},"end":{"line":77,"column":23}},"loc":{"start":{"line":77,"column":23},"end":{"line":79,"column":9}},"line":77},"9":{"name":"(anonymous_9)","decl":{"start":{"line":91,"column":25},"end":{"line":91,"column":31}},"loc":{"start":{"line":91,"column":31},"end":{"line":108,"column":null}},"line":91},"10":{"name":"(anonymous_10)","decl":{"start":{"line":110,"column":28},"end":{"line":110,"column":29}},"loc":{"start":{"line":110,"column":53},"end":{"line":113,"column":null}},"line":110},"11":{"name":"(anonymous_11)","decl":{"start":{"line":193,"column":31},"end":{"line":193,"column":32}},"loc":{"start":{"line":194,"column":14},"end":{"line":257,"column":null}},"line":194},"12":{"name":"(anonymous_12)","decl":{"start":{"line":212,"column":29},"end":{"line":212,"column":30}},"loc":{"start":{"line":212,"column":36},"end":{"line":217,"column":null}},"line":212},"13":{"name":"(anonymous_13)","decl":{"start":{"line":227,"column":33},"end":{"line":227,"column":39}},"loc":{"start":{"line":227,"column":39},"end":{"line":227,"column":null}},"line":227},"14":{"name":"(anonymous_14)","decl":{"start":{"line":234,"column":33},"end":{"line":234,"column":null}},"loc":{"start":{"line":235,"column":26},"end":{"line":239,"column":null}},"line":235},"15":{"name":"(anonymous_15)","decl":{"start":{"line":247,"column":33},"end":{"line":247,"column":null}},"loc":{"start":{"line":248,"column":26},"end":{"line":248,"column":null}},"line":248},"16":{"name":"(anonymous_16)","decl":{"start":{"line":269,"column":22},"end":{"line":269,"column":23}},"loc":{"start":{"line":269,"column":29},"end":{"line":272,"column":null}},"line":269},"17":{"name":"(anonymous_17)","decl":{"start":{"line":275,"column":40},"end":{"line":275,"column":41}},"loc":{"start":{"line":276,"column":14},"end":{"line":278,"column":null}},"line":276},"18":{"name":"(anonymous_18)","decl":{"start":{"line":287,"column":21},"end":{"line":287,"column":27}},"loc":{"start":{"line":287,"column":27},"end":{"line":287,"column":null}},"line":287},"19":{"name":"(anonymous_19)","decl":{"start":{"line":287,"column":42},"end":{"line":287,"column":43}},"loc":{"start":{"line":287,"column":52},"end":{"line":287,"column":73}},"line":287},"20":{"name":"(anonymous_20)","decl":{"start":{"line":294,"column":32},"end":{"line":294,"column":33}},"loc":{"start":{"line":295,"column":12},"end":{"line":306,"column":null}},"line":295},"21":{"name":"(anonymous_21)","decl":{"start":{"line":302,"column":23},"end":{"line":302,"column":29}},"loc":{"start":{"line":302,"column":29},"end":{"line":302,"column":null}},"line":302},"22":{"name":"(anonymous_22)","decl":{"start":{"line":311,"column":21},"end":{"line":311,"column":null}},"loc":{"start":{"line":312,"column":14},"end":{"line":312,"column":null}},"line":312},"23":{"name":"(anonymous_23)","decl":{"start":{"line":312,"column":29},"end":{"line":312,"column":30}},"loc":{"start":{"line":312,"column":39},"end":{"line":312,"column":69}},"line":312},"24":{"name":"(anonymous_24)","decl":{"start":{"line":326,"column":19},"end":{"line":326,"column":25}},"loc":{"start":{"line":326,"column":25},"end":{"line":326,"column":null}},"line":326},"25":{"name":"(anonymous_25)","decl":{"start":{"line":327,"column":47},"end":{"line":327,"column":48}},"loc":{"start":{"line":327,"column":54},"end":{"line":327,"column":68}},"line":327}},"branchMap":{"0":{"loc":{"start":{"line":93,"column":4},"end":{"line":106,"column":null}},"type":"if","locations":[{"start":{"line":93,"column":4},"end":{"line":106,"column":null}},{"start":{"line":95,"column":11},"end":{"line":106,"column":null}}],"line":93},"1":{"loc":{"start":{"line":97,"column":6},"end":{"line":97,"column":null}},"type":"if","locations":[{"start":{"line":97,"column":6},"end":{"line":97,"column":null}},{"start":{},"end":{}}],"line":97},"2":{"loc":{"start":{"line":104,"column":6},"end":{"line":104,"column":null}},"type":"if","locations":[{"start":{"line":104,"column":6},"end":{"line":104,"column":null}},{"start":{},"end":{}}],"line":104},"3":{"loc":{"start":{"line":115,"column":2},"end":{"line":121,"column":null}},"type":"if","locations":[{"start":{"line":115,"column":2},"end":{"line":121,"column":null}},{"start":{},"end":{}}],"line":115},"4":{"loc":{"start":{"line":186,"column":11},"end":{"line":258,"column":null}},"type":"cond-expr","locations":[{"start":{"line":187,"column":12},"end":{"line":191,"column":null}},{"start":{"line":193,"column":12},"end":{"line":258,"column":null}}],"line":186},"5":{"loc":{"start":{"line":215,"column":24},"end":{"line":215,"column":null}},"type":"cond-expr","locations":[{"start":{"line":215,"column":53},"end":{"line":215,"column":60}},{"start":{"line":215,"column":60},"end":{"line":215,"column":null}}],"line":215},"6":{"loc":{"start":{"line":223,"column":19},"end":{"line":254,"column":null}},"type":"binary-expr","locations":[{"start":{"line":223,"column":19},"end":{"line":223,"column":null}},{"start":{"line":224,"column":20},"end":{"line":254,"column":null}}],"line":223},"7":{"loc":{"start":{"line":298,"column":16},"end":{"line":300,"column":null}},"type":"cond-expr","locations":[{"start":{"line":299,"column":20},"end":{"line":299,"column":null}},{"start":{"line":300,"column":20},"end":{"line":300,"column":null}}],"line":298},"8":{"loc":{"start":{"line":302,"column":29},"end":{"line":302,"column":null}},"type":"binary-expr","locations":[{"start":{"line":302,"column":29},"end":{"line":302,"column":57}},{"start":{"line":302,"column":57},"end":{"line":302,"column":null}}],"line":302},"9":{"loc":{"start":{"line":322,"column":7},"end":{"line":328,"column":null}},"type":"binary-expr","locations":[{"start":{"line":322,"column":7},"end":{"line":322,"column":null}},{"start":{"line":323,"column":8},"end":{"line":328,"column":null}}],"line":322}},"s":{"0":1,"1":1,"2":7,"3":7,"4":7,"5":7,"6":7,"7":7,"8":4,"9":1,"10":4,"11":4,"12":4,"13":7,"14":0,"15":0,"16":0,"17":7,"18":0,"19":0,"20":0,"21":7,"22":1,"23":1,"24":7,"25":0,"26":0,"27":0,"28":0,"29":0,"30":0,"31":0,"32":0,"33":7,"34":7,"35":7,"36":7,"37":7,"38":7,"39":7,"40":7,"41":6,"42":0,"43":0,"44":0,"45":0,"46":0,"47":0,"48":0,"49":0,"50":0,"51":0,"52":0,"53":7,"54":7,"55":0,"56":0,"57":7,"58":0,"59":7,"60":6,"61":1,"62":1,"63":1,"64":0,"65":0,"66":1,"67":1,"68":28,"69":0,"70":0,"71":6,"72":0,"73":0,"74":0,"75":0,"76":0},"f":{"0":7,"1":4,"2":1,"3":4,"4":0,"5":0,"6":1,"7":0,"8":0,"9":7,"10":0,"11":6,"12":1,"13":1,"14":0,"15":0,"16":1,"17":28,"18":0,"19":0,"20":6,"21":0,"22":0,"23":0,"24":0,"25":0},"b":{"0":[7,0],"1":[0,0],"2":[0,0],"3":[0,7],"4":[1,6],"5":[0,1],"6":[6,1],"7":[6,0],"8":[0,0],"9":[7,0]},"meta":{"lastBranch":10,"lastFunction":26,"lastStatement":77,"seen":{"s:26:31:26:Infinity":0,"s:28:53:332:Infinity":1,"f:28:53:28:54":0,"s:35:8:35:Infinity":2,"s:36:36:36:Infinity":3,"s:37:38:37:Infinity":4,"s:38:42:38:Infinity":5,"s:39:34:39:Infinity":6,"s:41:2:48:Infinity":7,"f:41:12:41:18":1,"s:42:31:44:Infinity":8,"f:42:31:42:37":2,"s:43:6:43:Infinity":9,"s:46:4:46:Infinity":10,"s:47:4:47:Infinity":11,"f:47:11:47:17":3,"s:47:17:47:Infinity":12,"s:50:23:54:Infinity":13,"f:50:23:50:24":4,"s:51:4:51:Infinity":14,"s:52:4:52:Infinity":15,"s:53:4:53:Infinity":16,"s:56:22:60:Infinity":17,"f:56:22:56:28":5,"s:57:4:57:Infinity":18,"s:58:4:58:Infinity":19,"s:59:4:59:Infinity":20,"s:62:28:65:Infinity":21,"f:62:28:62:29":6,"s:63:4:63:Infinity":22,"s:64:4:64:Infinity":23,"s:67:29:84:Infinity":24,"f:67:29:67:Infinity":7,"s:72:4:72:Infinity":25,"s:73:4:73:Infinity":26,"s:75:4:83:Infinity":27,"s:76:6:76:Infinity":28,"s:77:6:79:Infinity":29,"f:77:17:77:23":8,"s:78:8:78:Infinity":30,"s:81:6:81:Infinity":31,"s:82:6:82:Infinity":32,"s:87:21:87:Infinity":33,"s:88:8:88:Infinity":34,"s:89:25:89:Infinity":35,"s:91:25:108:Infinity":36,"f:91:25:91:31":9,"s:92:39:92:Infinity":37,"b:93:4:106:Infinity:95:11:106:Infinity":0,"s:93:4:106:Infinity":38,"s:94:6:94:Infinity":39,"s:94:19:94:22":40,"s:94:44:94:Infinity":41,"s:96:6:96:Infinity":42,"b:97:6:97:Infinity:undefined:undefined:undefined:undefined":1,"s:97:6:97:Infinity":43,"s:97:27:97:Infinity":44,"s:99:20:99:Infinity":45,"s:100:18:100:Infinity":46,"s:102:6:102:Infinity":47,"s:102:19:102:26":48,"s:102:41:102:Infinity":49,"b:104:6:104:Infinity:undefined:undefined:undefined:undefined":2,"s:104:6:104:Infinity":50,"s:104:40:104:Infinity":51,"s:105:6:105:Infinity":52,"s:107:4:107:Infinity":53,"s:110:28:113:Infinity":54,"f:110:28:110:29":10,"s:111:4:111:Infinity":55,"s:112:4:112:Infinity":56,"b:115:2:121:Infinity:undefined:undefined:undefined:undefined":3,"s:115:2:121:Infinity":57,"s:116:4:119:Infinity":58,"s:123:2:330:Infinity":59,"b:187:12:191:Infinity:193:12:258:Infinity":4,"f:193:31:193:32":11,"s:194:14:257:Infinity":60,"f:212:29:212:30":12,"s:213:22:213:Infinity":61,"s:214:22:216:Infinity":62,"b:215:53:215:60:215:60:215:Infinity":5,"b:223:19:223:Infinity:224:20:254:Infinity":6,"f:227:33:227:39":13,"s:227:39:227:Infinity":63,"f:234:33:234:Infinity":14,"s:235:26:239:Infinity":64,"f:247:33:247:Infinity":15,"s:248:26:248:Infinity":65,"f:269:22:269:23":16,"s:270:14:270:Infinity":66,"s:271:14:271:Infinity":67,"f:275:40:275:41":17,"s:276:14:278:Infinity":68,"f:287:21:287:27":18,"s:287:27:287:Infinity":69,"f:287:42:287:43":19,"s:287:52:287:73":70,"f:294:32:294:33":20,"s:295:12:306:Infinity":71,"b:299:20:299:Infinity:300:20:300:Infinity":7,"f:302:23:302:29":21,"s:302:29:302:Infinity":72,"b:302:29:302:57:302:57:302:Infinity":8,"f:311:21:311:Infinity":22,"s:312:14:312:Infinity":73,"f:312:29:312:30":23,"s:312:39:312:69":74,"b:322:7:322:Infinity:323:8:328:Infinity":9,"f:326:19:326:25":24,"s:326:25:326:Infinity":75,"f:327:47:327:48":25,"s:327:54:327:68":76}}}
,"/Users/cornerstone/Documents/Work/lendsqr/src/db/index.ts": {"path":"/Users/cornerstone/Documents/Work/lendsqr/src/db/index.ts","statementMap":{"0":{"start":{"line":8,"column":4},"end":{"line":8,"column":null}},"1":{"start":{"line":10,"column":4},"end":{"line":12,"column":null}},"2":{"start":{"line":16,"column":18},"end":{"line":16,"column":null}}},"fnMap":{"0":{"name":"(anonymous_0)","decl":{"start":{"line":7,"column":2},"end":{"line":7,"column":16}},"loc":{"start":{"line":7,"column":16},"end":{"line":13,"column":null}},"line":7}},"branchMap":{},"s":{"0":1,"1":1,"2":1},"f":{"0":1},"b":{},"meta":{"lastBranch":0,"lastFunction":1,"lastStatement":3,"seen":{"f:7:2:7:16":0,"s:8:4:8:Infinity":0,"s:10:4:12:Infinity":1,"s:16:18:16:Infinity":2}}}
,"/Users/cornerstone/Documents/Work/lendsqr/src/db/users.schema.ts": {"path":"/Users/cornerstone/Documents/Work/lendsqr/src/db/users.schema.ts","statementMap":{},"fnMap":{},"branchMap":{},"s":{},"f":{},"b":{},"meta":{"lastBranch":0,"lastFunction":0,"lastStatement":0,"seen":{}}}
,"/Users/cornerstone/Documents/Work/lendsqr/src/db/users.service.ts": {"path":"/Users/cornerstone/Documents/Work/lendsqr/src/db/users.service.ts","statementMap":{"0":{"start":{"line":4,"column":25},"end":{"line":6,"column":null}},"1":{"start":{"line":5,"column":2},"end":{"line":5,"column":null}},"2":{"start":{"line":8,"column":27},"end":{"line":10,"column":null}},"3":{"start":{"line":9,"column":2},"end":{"line":9,"column":null}},"4":{"start":{"line":12,"column":27},"end":{"line":14,"column":null}},"5":{"start":{"line":13,"column":2},"end":{"line":13,"column":null}},"6":{"start":{"line":16,"column":32},"end":{"line":27,"column":null}},"7":{"start":{"line":20,"column":15},"end":{"line":20,"column":null}},"8":{"start":{"line":21,"column":2},"end":{"line":25,"column":null}},"9":{"start":{"line":22,"column":24},"end":{"line":22,"column":null}},"10":{"start":{"line":23,"column":4},"end":{"line":23,"column":null}},"11":{"start":{"line":24,"column":4},"end":{"line":24,"column":null}},"12":{"start":{"line":26,"column":2},"end":{"line":26,"column":null}},"13":{"start":{"line":29,"column":26},"end":{"line":31,"column":null}},"14":{"start":{"line":30,"column":2},"end":{"line":30,"column":null}}},"fnMap":{"0":{"name":"(anonymous_0)","decl":{"start":{"line":4,"column":25},"end":{"line":4,"column":32}},"loc":{"start":{"line":4,"column":50},"end":{"line":6,"column":null}},"line":4},"1":{"name":"(anonymous_1)","decl":{"start":{"line":8,"column":27},"end":{"line":8,"column":39}},"loc":{"start":{"line":8,"column":39},"end":{"line":10,"column":null}},"line":8},"2":{"name":"(anonymous_2)","decl":{"start":{"line":12,"column":27},"end":{"line":12,"column":34}},"loc":{"start":{"line":12,"column":49},"end":{"line":14,"column":null}},"line":12},"3":{"name":"(anonymous_3)","decl":{"start":{"line":16,"column":32},"end":{"line":16,"column":null}},"loc":{"start":{"line":19,"column":5},"end":{"line":27,"column":null}},"line":19},"4":{"name":"(anonymous_4)","decl":{"start":{"line":29,"column":26},"end":{"line":29,"column":38}},"loc":{"start":{"line":29,"column":38},"end":{"line":31,"column":null}},"line":29}},"branchMap":{"0":{"loc":{"start":{"line":21,"column":2},"end":{"line":25,"column":null}},"type":"if","locations":[{"start":{"line":21,"column":2},"end":{"line":25,"column":null}},{"start":{},"end":{}}],"line":21}},"s":{"0":2,"1":1,"2":2,"3":1,"4":2,"5":1,"6":2,"7":2,"8":2,"9":1,"10":1,"11":1,"12":1,"13":2,"14":0},"f":{"0":1,"1":1,"2":1,"3":2,"4":0},"b":{"0":[1,1]},"meta":{"lastBranch":1,"lastFunction":5,"lastStatement":15,"seen":{"s:4:25:6:Infinity":0,"f:4:25:4:32":0,"s:5:2:5:Infinity":1,"s:8:27:10:Infinity":2,"f:8:27:8:39":1,"s:9:2:9:Infinity":3,"s:12:27:14:Infinity":4,"f:12:27:12:34":2,"s:13:2:13:Infinity":5,"s:16:32:27:Infinity":6,"f:16:32:16:Infinity":3,"s:20:15:20:Infinity":7,"b:21:2:25:Infinity:undefined:undefined:undefined:undefined":0,"s:21:2:25:Infinity":8,"s:22:24:22:Infinity":9,"s:23:4:23:Infinity":10,"s:24:4:24:Infinity":11,"s:26:2:26:Infinity":12,"s:29:26:31:Infinity":13,"f:29:26:29:38":4,"s:30:2:30:Infinity":14}}}
,"/Users/cornerstone/Documents/Work/lendsqr/src/hooks/useFilters.ts": {"path":"/Users/cornerstone/Documents/Work/lendsqr/src/hooks/useFilters.ts","statementMap":{"0":{"start":{"line":12,"column":36},"end":{"line":19,"column":null}},"1":{"start":{"line":21,"column":26},"end":{"line":89,"column":null}},"2":{"start":{"line":22,"column":28},"end":{"line":22,"column":null}},"3":{"start":{"line":24,"column":8},"end":{"line":66,"column":null}},"4":{"start":{"line":25,"column":17},"end":{"line":25,"column":null}},"5":{"start":{"line":27,"column":4},"end":{"line":33,"column":null}},"6":{"start":{"line":28,"column":6},"end":{"line":32,"column":null}},"7":{"start":{"line":29,"column":8},"end":{"line":31,"column":null}},"8":{"start":{"line":35,"column":4},"end":{"line":39,"column":null}},"9":{"start":{"line":36,"column":6},"end":{"line":38,"column":null}},"10":{"start":{"line":37,"column":8},"end":{"line":37,"column":null}},"11":{"start":{"line":41,"column":4},"end":{"line":45,"column":null}},"12":{"start":{"line":42,"column":6},"end":{"line":44,"column":null}},"13":{"start":{"line":43,"column":8},"end":{"line":43,"column":null}},"14":{"start":{"line":47,"column":4},"end":{"line":51,"column":null}},"15":{"start":{"line":48,"column":6},"end":{"line":50,"column":null}},"16":{"start":{"line":49,"column":8},"end":{"line":49,"column":null}},"17":{"start":{"line":53,"column":4},"end":{"line":55,"column":null}},"18":{"start":{"line":54,"column":6},"end":{"line":54,"column":null}},"19":{"start":{"line":54,"column":39},"end":{"line":54,"column":69}},"20":{"start":{"line":57,"column":4},"end":{"line":63,"column":null}},"21":{"start":{"line":58,"column":6},"end":{"line":62,"column":null}},"22":{"start":{"line":61,"column":8},"end":{"line":61,"column":null}},"23":{"start":{"line":65,"column":4},"end":{"line":65,"column":null}},"24":{"start":{"line":68,"column":23},"end":{"line":70,"column":null}},"25":{"start":{"line":69,"column":4},"end":{"line":69,"column":null}},"26":{"start":{"line":72,"column":23},"end":{"line":74,"column":null}},"27":{"start":{"line":73,"column":4},"end":{"line":73,"column":null}},"28":{"start":{"line":76,"column":8},"end":{"line":80,"column":null}},"29":{"start":{"line":77,"column":4},"end":{"line":79,"column":null}},"30":{"start":{"line":78,"column":17},"end":{"line":78,"column":null}},"31":{"start":{"line":82,"column":2},"end":{"line":88,"column":null}}},"fnMap":{"0":{"name":"(anonymous_0)","decl":{"start":{"line":21,"column":26},"end":{"line":21,"column":27}},"loc":{"start":{"line":21,"column":63},"end":{"line":89,"column":null}},"line":21},"1":{"name":"(anonymous_1)","decl":{"start":{"line":24,"column":32},"end":{"line":24,"column":38}},"loc":{"start":{"line":24,"column":38},"end":{"line":66,"column":5}},"line":24},"2":{"name":"(anonymous_2)","decl":{"start":{"line":28,"column":29},"end":{"line":28,"column":30}},"loc":{"start":{"line":29,"column":8},"end":{"line":31,"column":null}},"line":29},"3":{"name":"(anonymous_3)","decl":{"start":{"line":36,"column":29},"end":{"line":36,"column":30}},"loc":{"start":{"line":37,"column":8},"end":{"line":37,"column":null}},"line":37},"4":{"name":"(anonymous_4)","decl":{"start":{"line":42,"column":29},"end":{"line":42,"column":30}},"loc":{"start":{"line":43,"column":8},"end":{"line":43,"column":null}},"line":43},"5":{"name":"(anonymous_5)","decl":{"start":{"line":48,"column":29},"end":{"line":48,"column":30}},"loc":{"start":{"line":49,"column":8},"end":{"line":49,"column":null}},"line":49},"6":{"name":"(anonymous_6)","decl":{"start":{"line":54,"column":29},"end":{"line":54,"column":30}},"loc":{"start":{"line":54,"column":39},"end":{"line":54,"column":69}},"line":54},"7":{"name":"(anonymous_7)","decl":{"start":{"line":58,"column":29},"end":{"line":58,"column":30}},"loc":{"start":{"line":58,"column":39},"end":{"line":62,"column":7}},"line":58},"8":{"name":"(anonymous_8)","decl":{"start":{"line":68,"column":23},"end":{"line":68,"column":24}},"loc":{"start":{"line":68,"column":52},"end":{"line":70,"column":null}},"line":68},"9":{"name":"(anonymous_9)","decl":{"start":{"line":72,"column":23},"end":{"line":72,"column":29}},"loc":{"start":{"line":72,"column":29},"end":{"line":74,"column":null}},"line":72},"10":{"name":"(anonymous_10)","decl":{"start":{"line":76,"column":35},"end":{"line":76,"column":41}},"loc":{"start":{"line":76,"column":41},"end":{"line":80,"column":5}},"line":76},"11":{"name":"(anonymous_11)","decl":{"start":{"line":78,"column":6},"end":{"line":78,"column":7}},"loc":{"start":{"line":78,"column":17},"end":{"line":78,"column":null}},"line":78}},"branchMap":{"0":{"loc":{"start":{"line":27,"column":4},"end":{"line":33,"column":null}},"type":"if","locations":[{"start":{"line":27,"column":4},"end":{"line":33,"column":null}},{"start":{},"end":{}}],"line":27},"1":{"loc":{"start":{"line":35,"column":4},"end":{"line":39,"column":null}},"type":"if","locations":[{"start":{"line":35,"column":4},"end":{"line":39,"column":null}},{"start":{},"end":{}}],"line":35},"2":{"loc":{"start":{"line":41,"column":4},"end":{"line":45,"column":null}},"type":"if","locations":[{"start":{"line":41,"column":4},"end":{"line":45,"column":null}},{"start":{},"end":{}}],"line":41},"3":{"loc":{"start":{"line":47,"column":4},"end":{"line":51,"column":null}},"type":"if","locations":[{"start":{"line":47,"column":4},"end":{"line":51,"column":null}},{"start":{},"end":{}}],"line":47},"4":{"loc":{"start":{"line":53,"column":4},"end":{"line":55,"column":null}},"type":"if","locations":[{"start":{"line":53,"column":4},"end":{"line":55,"column":null}},{"start":{},"end":{}}],"line":53},"5":{"loc":{"start":{"line":57,"column":4},"end":{"line":63,"column":null}},"type":"if","locations":[{"start":{"line":57,"column":4},"end":{"line":63,"column":null}},{"start":{},"end":{}}],"line":57},"6":{"loc":{"start":{"line":78,"column":17},"end":{"line":78,"column":null}},"type":"binary-expr","locations":[{"start":{"line":78,"column":17},"end":{"line":78,"column":33}},{"start":{"line":78,"column":33},"end":{"line":78,"column":null}}],"line":78}},"s":{"0":1,"1":1,"2":9,"3":9,"4":8,"5":8,"6":1,"7":2,"8":8,"9":1,"10":2,"11":8,"12":0,"13":0,"14":8,"15":0,"16":0,"17":8,"18":1,"19":2,"20":8,"21":0,"22":0,"23":8,"24":9,"25":4,"26":9,"27":1,"28":9,"29":8,"30":33,"31":9},"f":{"0":9,"1":8,"2":2,"3":2,"4":0,"5":0,"6":2,"7":0,"8":4,"9":1,"10":8,"11":33},"b":{"0":[1,7],"1":[1,7],"2":[0,8],"3":[0,8],"4":[1,7],"5":[0,8],"6":[33,3]},"meta":{"lastBranch":7,"lastFunction":12,"lastStatement":32,"seen":{"s:12:36:19:Infinity":0,"s:21:26:89:Infinity":1,"f:21:26:21:27":0,"s:22:28:22:Infinity":2,"s:24:8:66:Infinity":3,"f:24:32:24:38":1,"s:25:17:25:Infinity":4,"b:27:4:33:Infinity:undefined:undefined:undefined:undefined":0,"s:27:4:33:Infinity":5,"s:28:6:32:Infinity":6,"f:28:29:28:30":2,"s:29:8:31:Infinity":7,"b:35:4:39:Infinity:undefined:undefined:undefined:undefined":1,"s:35:4:39:Infinity":8,"s:36:6:38:Infinity":9,"f:36:29:36:30":3,"s:37:8:37:Infinity":10,"b:41:4:45:Infinity:undefined:undefined:undefined:undefined":2,"s:41:4:45:Infinity":11,"s:42:6:44:Infinity":12,"f:42:29:42:30":4,"s:43:8:43:Infinity":13,"b:47:4:51:Infinity:undefined:undefined:undefined:undefined":3,"s:47:4:51:Infinity":14,"s:48:6:50:Infinity":15,"f:48:29:48:30":5,"s:49:8:49:Infinity":16,"b:53:4:55:Infinity:undefined:undefined:undefined:undefined":4,"s:53:4:55:Infinity":17,"s:54:6:54:Infinity":18,"f:54:29:54:30":6,"s:54:39:54:69":19,"b:57:4:63:Infinity:undefined:undefined:undefined:undefined":5,"s:57:4:63:Infinity":20,"s:58:6:62:Infinity":21,"f:58:29:58:30":7,"s:61:8:61:Infinity":22,"s:65:4:65:Infinity":23,"s:68:23:70:Infinity":24,"f:68:23:68:24":8,"s:69:4:69:Infinity":25,"s:72:23:74:Infinity":26,"f:72:23:72:29":9,"s:73:4:73:Infinity":27,"s:76:8:80:Infinity":28,"f:76:35:76:41":10,"s:77:4:79:Infinity":29,"f:78:6:78:7":11,"s:78:17:78:Infinity":30,"b:78:17:78:33:78:33:78:Infinity":6,"s:82:2:88:Infinity":31}}}
,"/Users/cornerstone/Documents/Work/lendsqr/src/pages/Login/login.scss": {"path":"/Users/cornerstone/Documents/Work/lendsqr/src/pages/Login/login.scss","statementMap":{},"fnMap":{},"branchMap":{},"s":{},"f":{},"b":{},"meta":{"lastBranch":0,"lastFunction":0,"lastStatement":0,"seen":{}}}
,"/Users/cornerstone/Documents/Work/lendsqr/src/pages/Login/login.tsx": {"path":"/Users/cornerstone/Documents/Work/lendsqr/src/pages/Login/login.tsx","statementMap":{"0":{"start":{"line":9,"column":21},"end":{"line":138,"column":null}},"1":{"start":{"line":10,"column":8},"end":{"line":10,"column":null}},"2":{"start":{"line":11,"column":24},"end":{"line":11,"column":null}},"3":{"start":{"line":12,"column":30},"end":{"line":12,"column":null}},"4":{"start":{"line":13,"column":38},"end":{"line":13,"column":null}},"5":{"start":{"line":14,"column":32},"end":{"line":14,"column":null}},"6":{"start":{"line":15,"column":26},"end":{"line":17,"column":null}},"7":{"start":{"line":19,"column":2},"end":{"line":23,"column":null}},"8":{"start":{"line":20,"column":4},"end":{"line":22,"column":null}},"9":{"start":{"line":21,"column":6},"end":{"line":21,"column":null}},"10":{"start":{"line":25,"column":23},"end":{"line":42,"column":null}},"11":{"start":{"line":26,"column":61},"end":{"line":26,"column":null}},"12":{"start":{"line":28,"column":4},"end":{"line":32,"column":null}},"13":{"start":{"line":29,"column":6},"end":{"line":29,"column":null}},"14":{"start":{"line":30,"column":4},"end":{"line":32,"column":null}},"15":{"start":{"line":31,"column":6},"end":{"line":31,"column":null}},"16":{"start":{"line":34,"column":4},"end":{"line":38,"column":null}},"17":{"start":{"line":35,"column":6},"end":{"line":35,"column":null}},"18":{"start":{"line":36,"column":4},"end":{"line":38,"column":null}},"19":{"start":{"line":37,"column":6},"end":{"line":37,"column":null}},"20":{"start":{"line":40,"column":4},"end":{"line":40,"column":null}},"21":{"start":{"line":41,"column":4},"end":{"line":41,"column":null}},"22":{"start":{"line":44,"column":23},"end":{"line":64,"column":null}},"23":{"start":{"line":45,"column":4},"end":{"line":45,"column":null}},"24":{"start":{"line":47,"column":4},"end":{"line":47,"column":null}},"25":{"start":{"line":47,"column":25},"end":{"line":47,"column":null}},"26":{"start":{"line":49,"column":4},"end":{"line":49,"column":null}},"27":{"start":{"line":51,"column":4},"end":{"line":51,"column":null}},"28":{"start":{"line":51,"column":35},"end":{"line":51,"column":60}},"29":{"start":{"line":53,"column":21},"end":{"line":56,"column":null}},"30":{"start":{"line":58,"column":4},"end":{"line":58,"column":null}},"31":{"start":{"line":59,"column":4},"end":{"line":59,"column":null}},"32":{"start":{"line":61,"column":4},"end":{"line":61,"column":null}},"33":{"start":{"line":62,"column":4},"end":{"line":62,"column":null}},"34":{"start":{"line":63,"column":4},"end":{"line":63,"column":null}},"35":{"start":{"line":66,"column":2},"end":{"line":136,"column":null}},"36":{"start":{"line":92,"column":33},"end":{"line":92,"column":null}},"37":{"start":{"line":107,"column":33},"end":{"line":107,"column":null}},"38":{"start":{"line":113,"column":31},"end":{"line":113,"column":null}}},"fnMap":{"0":{"name":"(anonymous_0)","decl":{"start":{"line":9,"column":21},"end":{"line":9,"column":27}},"loc":{"start":{"line":9,"column":27},"end":{"line":138,"column":null}},"line":9},"1":{"name":"(anonymous_1)","decl":{"start":{"line":19,"column":12},"end":{"line":19,"column":18}},"loc":{"start":{"line":19,"column":18},"end":{"line":23,"column":5}},"line":19},"2":{"name":"(anonymous_2)","decl":{"start":{"line":25,"column":23},"end":{"line":25,"column":38}},"loc":{"start":{"line":25,"column":38},"end":{"line":42,"column":null}},"line":25},"3":{"name":"(anonymous_3)","decl":{"start":{"line":44,"column":23},"end":{"line":44,"column":30}},"loc":{"start":{"line":44,"column":53},"end":{"line":64,"column":null}},"line":44},"4":{"name":"(anonymous_4)","decl":{"start":{"line":51,"column":22},"end":{"line":51,"column":23}},"loc":{"start":{"line":51,"column":35},"end":{"line":51,"column":60}},"line":51},"5":{"name":"(anonymous_5)","decl":{"start":{"line":92,"column":26},"end":{"line":92,"column":27}},"loc":{"start":{"line":92,"column":33},"end":{"line":92,"column":null}},"line":92},"6":{"name":"(anonymous_6)","decl":{"start":{"line":107,"column":26},"end":{"line":107,"column":27}},"loc":{"start":{"line":107,"column":33},"end":{"line":107,"column":null}},"line":107},"7":{"name":"(anonymous_7)","decl":{"start":{"line":113,"column":25},"end":{"line":113,"column":31}},"loc":{"start":{"line":113,"column":31},"end":{"line":113,"column":null}},"line":113}},"branchMap":{"0":{"loc":{"start":{"line":20,"column":4},"end":{"line":22,"column":null}},"type":"if","locations":[{"start":{"line":20,"column":4},"end":{"line":22,"column":null}},{"start":{},"end":{}}],"line":20},"1":{"loc":{"start":{"line":28,"column":4},"end":{"line":32,"column":null}},"type":"if","locations":[{"start":{"line":28,"column":4},"end":{"line":32,"column":null}},{"start":{"line":30,"column":4},"end":{"line":32,"column":null}}],"line":28},"2":{"loc":{"start":{"line":30,"column":4},"end":{"line":32,"column":null}},"type":"if","locations":[{"start":{"line":30,"column":4},"end":{"line":32,"column":null}},{"start":{},"end":{}}],"line":30},"3":{"loc":{"start":{"line":34,"column":4},"end":{"line":38,"column":null}},"type":"if","locations":[{"start":{"line":34,"column":4},"end":{"line":38,"column":null}},{"start":{"line":36,"column":4},"end":{"line":38,"column":null}}],"line":34},"4":{"loc":{"start":{"line":36,"column":4},"end":{"line":38,"column":null}},"type":"if","locations":[{"start":{"line":36,"column":4},"end":{"line":38,"column":null}},{"start":{},"end":{}}],"line":36},"5":{"loc":{"start":{"line":47,"column":4},"end":{"line":47,"column":null}},"type":"if","locations":[{"start":{"line":47,"column":4},"end":{"line":47,"column":null}},{"start":{},"end":{}}],"line":47},"6":{"loc":{"start":{"line":95,"column":15},"end":{"line":98,"column":null}},"type":"binary-expr","locations":[{"start":{"line":95,"column":15},"end":{"line":95,"column":null}},{"start":{"line":96,"column":16},"end":{"line":98,"column":null}}],"line":95},"7":{"loc":{"start":{"line":103,"column":22},"end":{"line":103,"column":null}},"type":"cond-expr","locations":[{"start":{"line":103,"column":37},"end":{"line":103,"column":46}},{"start":{"line":103,"column":46},"end":{"line":103,"column":null}}],"line":103},"8":{"loc":{"start":{"line":116,"column":17},"end":{"line":116,"column":null}},"type":"cond-expr","locations":[{"start":{"line":116,"column":32},"end":{"line":116,"column":41}},{"start":{"line":116,"column":41},"end":{"line":116,"column":null}}],"line":116},"9":{"loc":{"start":{"line":118,"column":15},"end":{"line":121,"column":null}},"type":"binary-expr","locations":[{"start":{"line":118,"column":15},"end":{"line":118,"column":null}},{"start":{"line":119,"column":16},"end":{"line":121,"column":null}}],"line":118},"10":{"loc":{"start":{"line":131,"column":15},"end":{"line":131,"column":null}},"type":"cond-expr","locations":[{"start":{"line":131,"column":27},"end":{"line":131,"column":45}},{"start":{"line":131,"column":45},"end":{"line":131,"column":null}}],"line":131}},"s":{"0":1,"1":10,"2":10,"3":10,"4":10,"5":10,"6":10,"7":10,"8":4,"9":0,"10":10,"11":2,"12":2,"13":1,"14":1,"15":0,"16":2,"17":1,"18":1,"19":0,"20":2,"21":2,"22":10,"23":2,"24":2,"25":1,"26":1,"27":1,"28":1,"29":1,"30":1,"31":1,"32":1,"33":1,"34":1,"35":10,"36":1,"37":1,"38":1},"f":{"0":10,"1":4,"2":2,"3":2,"4":1,"5":1,"6":1,"7":1},"b":{"0":[0,4],"1":[1,1],"2":[0,1],"3":[1,1],"4":[0,1],"5":[1,1],"6":[10,1],"7":[1,9],"8":[1,9],"9":[10,1],"10":[1,9]},"meta":{"lastBranch":11,"lastFunction":8,"lastStatement":39,"seen":{"s:9:21:138:Infinity":0,"f:9:21:9:27":0,"s:10:8:10:Infinity":1,"s:11:24:11:Infinity":2,"s:12:30:12:Infinity":3,"s:13:38:13:Infinity":4,"s:14:32:14:Infinity":5,"s:15:26:17:Infinity":6,"s:19:2:23:Infinity":7,"f:19:12:19:18":1,"b:20:4:22:Infinity:undefined:undefined:undefined:undefined":0,"s:20:4:22:Infinity":8,"s:21:6:21:Infinity":9,"s:25:23:42:Infinity":10,"f:25:23:25:38":2,"s:26:61:26:Infinity":11,"b:28:4:32:Infinity:30:4:32:Infinity":1,"s:28:4:32:Infinity":12,"s:29:6:29:Infinity":13,"b:30:4:32:Infinity:undefined:undefined:undefined:undefined":2,"s:30:4:32:Infinity":14,"s:31:6:31:Infinity":15,"b:34:4:38:Infinity:36:4:38:Infinity":3,"s:34:4:38:Infinity":16,"s:35:6:35:Infinity":17,"b:36:4:38:Infinity:undefined:undefined:undefined:undefined":4,"s:36:4:38:Infinity":18,"s:37:6:37:Infinity":19,"s:40:4:40:Infinity":20,"s:41:4:41:Infinity":21,"s:44:23:64:Infinity":22,"f:44:23:44:30":3,"s:45:4:45:Infinity":23,"b:47:4:47:Infinity:undefined:undefined:undefined:undefined":5,"s:47:4:47:Infinity":24,"s:47:25:47:Infinity":25,"s:49:4:49:Infinity":26,"s:51:4:51:Infinity":27,"f:51:22:51:23":4,"s:51:35:51:60":28,"s:53:21:56:Infinity":29,"s:58:4:58:Infinity":30,"s:59:4:59:Infinity":31,"s:61:4:61:Infinity":32,"s:62:4:62:Infinity":33,"s:63:4:63:Infinity":34,"s:66:2:136:Infinity":35,"f:92:26:92:27":5,"s:92:33:92:Infinity":36,"b:95:15:95:Infinity:96:16:98:Infinity":6,"b:103:37:103:46:103:46:103:Infinity":7,"f:107:26:107:27":6,"s:107:33:107:Infinity":37,"f:113:25:113:31":7,"s:113:31:113:Infinity":38,"b:116:32:116:41:116:41:116:Infinity":8,"b:118:15:118:Infinity:119:16:121:Infinity":9,"b:131:27:131:45:131:45:131:Infinity":10}}}
,"/Users/cornerstone/Documents/Work/lendsqr/src/types/user.types.ts": {"path":"/Users/cornerstone/Documents/Work/lendsqr/src/types/user.types.ts","statementMap":{},"fnMap":{},"branchMap":{},"s":{},"f":{},"b":{},"meta":{"lastBranch":0,"lastFunction":0,"lastStatement":0,"seen":{}}}
,"/Users/cornerstone/Documents/Work/lendsqr/src/utils/auth.ts": {"path":"/Users/cornerstone/Documents/Work/lendsqr/src/utils/auth.ts","statementMap":{"0":{"start":{"line":1,"column":31},"end":{"line":3,"column":null}},"1":{"start":{"line":2,"column":2},"end":{"line":2,"column":null}},"2":{"start":{"line":5,"column":25},"end":{"line":8,"column":null}},"3":{"start":{"line":6,"column":2},"end":{"line":6,"column":null}},"4":{"start":{"line":7,"column":2},"end":{"line":7,"column":null}},"5":{"start":{"line":10,"column":26},"end":{"line":13,"column":null}},"6":{"start":{"line":11,"column":2},"end":{"line":11,"column":null}},"7":{"start":{"line":12,"column":2},"end":{"line":12,"column":null}}},"fnMap":{"0":{"name":"(anonymous_0)","decl":{"start":{"line":1,"column":31},"end":{"line":1,"column":46}},"loc":{"start":{"line":1,"column":46},"end":{"line":3,"column":null}},"line":1},"1":{"name":"(anonymous_1)","decl":{"start":{"line":5,"column":25},"end":{"line":5,"column":26}},"loc":{"start":{"line":5,"column":68},"end":{"line":8,"column":null}},"line":5},"2":{"name":"(anonymous_2)","decl":{"start":{"line":10,"column":26},"end":{"line":10,"column":32}},"loc":{"start":{"line":10,"column":32},"end":{"line":13,"column":null}},"line":10}},"branchMap":{},"s":{"0":2,"1":6,"2":2,"3":1,"4":1,"5":2,"6":1,"7":1},"f":{"0":6,"1":1,"2":1},"b":{},"meta":{"lastBranch":0,"lastFunction":3,"lastStatement":8,"seen":{"s:1:31:3:Infinity":0,"f:1:31:1:46":0,"s:2:2:2:Infinity":1,"s:5:25:8:Infinity":2,"f:5:25:5:26":1,"s:6:2:6:Infinity":3,"s:7:2:7:Infinity":4,"s:10:26:13:Infinity":5,"f:10:26:10:32":2,"s:11:2:11:Infinity":6,"s:12:2:12:Infinity":7}}}
,"/Users/cornerstone/Documents/Work/lendsqr/src/utils/stats-utils.ts": {"path":"/Users/cornerstone/Documents/Work/lendsqr/src/utils/stats-utils.ts","statementMap":{"0":{"start":{"line":3,"column":22},"end":{"line":4,"column":null}},"1":{"start":{"line":4,"column":2},"end":{"line":4,"column":null}},"2":{"start":{"line":6,"column":34},"end":{"line":17,"column":null}},"3":{"start":{"line":7,"column":2},"end":{"line":16,"column":null}},"4":{"start":{"line":9,"column":32},"end":{"line":9,"column":53}},"5":{"start":{"line":11,"column":13},"end":{"line":11,"column":null}},"6":{"start":{"line":14,"column":13},"end":{"line":14,"column":null}}},"fnMap":{"0":{"name":"(anonymous_0)","decl":{"start":{"line":3,"column":22},"end":{"line":3,"column":23}},"loc":{"start":{"line":4,"column":2},"end":{"line":4,"column":null}},"line":4},"1":{"name":"(anonymous_1)","decl":{"start":{"line":6,"column":34},"end":{"line":6,"column":35}},"loc":{"start":{"line":6,"column":53},"end":{"line":17,"column":null}},"line":6},"2":{"name":"(anonymous_2)","decl":{"start":{"line":9,"column":25},"end":{"line":9,"column":26}},"loc":{"start":{"line":9,"column":32},"end":{"line":9,"column":53}},"line":9},"3":{"name":"(anonymous_3)","decl":{"start":{"line":11,"column":6},"end":{"line":11,"column":7}},"loc":{"start":{"line":11,"column":13},"end":{"line":11,"column":null}},"line":11},"4":{"name":"(anonymous_4)","decl":{"start":{"line":14,"column":6},"end":{"line":14,"column":7}},"loc":{"start":{"line":14,"column":13},"end":{"line":14,"column":null}},"line":14}},"branchMap":{"0":{"loc":{"start":{"line":4,"column":2},"end":{"line":4,"column":null}},"type":"binary-expr","locations":[{"start":{"line":4,"column":2},"end":{"line":4,"column":49}},{"start":{"line":4,"column":49},"end":{"line":4,"column":null}}],"line":4},"1":{"loc":{"start":{"line":11,"column":13},"end":{"line":11,"column":null}},"type":"binary-expr","locations":[{"start":{"line":11,"column":13},"end":{"line":11,"column":32}},{"start":{"line":11,"column":32},"end":{"line":11,"column":null}}],"line":11},"2":{"loc":{"start":{"line":14,"column":13},"end":{"line":14,"column":null}},"type":"binary-expr","locations":[{"start":{"line":14,"column":13},"end":{"line":14,"column":33}},{"start":{"line":14,"column":33},"end":{"line":14,"column":null}}],"line":14}},"s":{"0":1,"1":24,"2":1,"3":6,"4":13,"5":13,"6":13},"f":{"0":24,"1":6,"2":13,"3":13,"4":13},"b":{"0":[24,8],"1":[13,12],"2":[13,12]},"meta":{"lastBranch":3,"lastFunction":5,"lastStatement":7,"seen":{"s:3:22:4:Infinity":0,"f:3:22:3:23":0,"s:4:2:4:Infinity":1,"b:4:2:4:49:4:49:4:Infinity":0,"s:6:34:17:Infinity":2,"f:6:34:6:35":1,"s:7:2:16:Infinity":3,"f:9:25:9:26":2,"s:9:32:9:53":4,"f:11:6:11:7":3,"s:11:13:11:Infinity":5,"b:11:13:11:32:11:32:11:Infinity":1,"f:14:6:14:7":4,"s:14:13:14:Infinity":6,"b:14:13:14:33:14:33:14:Infinity":2}}}
}
